<?xml version="1.0" encoding="UTF-8"?>
<testng-results ignored="0" total="5" passed="5" failed="0" skipped="0">
  <reporter-output>
  </reporter-output>
  <suite started-at="2024-06-07T00:54:57 IST" name="Default suite" finished-at="2024-06-07T00:55:19 IST" duration-ms="21529">
    <groups>
    </groups>
    <test started-at="2024-06-07T00:54:57 IST" name="Default test" finished-at="2024-06-07T00:55:19 IST" duration-ms="21529">
      <class name="testcases.VerifyLogin">
        <test-method is-config="true" signature="setup()[pri:0, instance:testcases.VerifyLogin@2b40ff9c]" started-at="2024-06-07T00:54:58 IST" name="setup" finished-at="2024-06-07T00:55:07 IST" duration-ms="9991" status="PASS">
          <reporter-output>
          </reporter-output>
        </test-method> <!-- setup -->
        <test-method signature="verifyNull()[pri:0, instance:testcases.VerifyLogin@2b40ff9c]" started-at="2024-06-07T00:55:08 IST" name="verifyNull" finished-at="2024-06-07T00:55:09 IST" duration-ms="1199" status="PASS">
          <reporter-output>
          </reporter-output>
        </test-method> <!-- verifyNull -->
        <test-method signature="verifyInValidLogin(java.lang.String,java.lang.String)[pri:1, instance:testcases.VerifyLogin@2b40ff9c]" started-at="2024-06-07T00:55:11 IST" name="verifyInValidLogin" data-provider="invalid" finished-at="2024-06-07T00:55:13 IST" duration-ms="2104" status="PASS">
          <params>
            <param index="0">
              <value>
                <![CDATA[soniya]]>
              </value>
            </param>
            <param index="1">
              <value>
                <![CDATA[soniy123]]>
              </value>
            </param>
          </params>
          <reporter-output>
          </reporter-output>
        </test-method> <!-- verifyInValidLogin -->
        <test-method signature="verifyInValidLogin(java.lang.String,java.lang.String)[pri:1, instance:testcases.VerifyLogin@2b40ff9c]" started-at="2024-06-07T00:55:13 IST" name="verifyInValidLogin" data-provider="invalid" finished-at="2024-06-07T00:55:14 IST" duration-ms="1517" status="PASS">
          <params>
            <param index="0">
              <value>
                <![CDATA[abcd]]>
              </value>
            </param>
            <param index="1">
              <value>
                <![CDATA[efcg]]>
              </value>
            </param>
          </params>
          <reporter-output>
          </reporter-output>
        </test-method> <!-- verifyInValidLogin -->
        <test-method signature="verifyInValidLogin(java.lang.String,java.lang.String)[pri:1, instance:testcases.VerifyLogin@2b40ff9c]" started-at="2024-06-07T00:55:15 IST" name="verifyInValidLogin" data-provider="invalid" finished-at="2024-06-07T00:55:16 IST" duration-ms="1590" status="PASS">
          <params>
            <param index="0">
              <value>
                <![CDATA[arun]]>
              </value>
            </param>
            <param index="1">
              <value>
                <![CDATA[a12344]]>
              </value>
            </param>
          </params>
          <reporter-output>
          </reporter-output>
        </test-method> <!-- verifyInValidLogin -->
        <test-method signature="verifyValidLogin(java.lang.String,java.lang.String)[pri:2, instance:testcases.VerifyLogin@2b40ff9c]" started-at="2024-06-07T00:55:17 IST" name="verifyValidLogin" data-provider="valid" finished-at="2024-06-07T00:55:18 IST" duration-ms="1453" status="PASS">
          <params>
            <param index="0">
              <value>
                <![CDATA[Admin]]>
              </value>
            </param>
            <param index="1">
              <value>
                <![CDATA[admin123]]>
              </value>
            </param>
          </params>
          <reporter-output>
          </reporter-output>
        </test-method> <!-- verifyValidLogin -->
        <test-method is-config="true" signature="after()[pri:0, instance:testcases.VerifyLogin@2b40ff9c]" started-at="2024-06-07T00:55:18 IST" name="after" finished-at="2024-06-07T00:55:19 IST" duration-ms="607" status="PASS">
          <reporter-output>
          </reporter-output>
        </test-method> <!-- after -->
      </class> <!-- testcases.VerifyLogin -->
    </test> <!-- Default test -->
  </suite> <!-- Default suite -->
</testng-results>
