<?xml version="1.0" encoding="UTF-8"?>
<testng-results ignored="0" total="3" passed="3" failed="0" skipped="0">
  <reporter-output>
  </reporter-output>
  <suite started-at="2024-05-09T12:05:41 IST" name="Default suite" finished-at="2024-05-09T12:05:41 IST" duration-ms="72">
    <groups>
    </groups>
    <test started-at="2024-05-09T12:05:41 IST" name="Default test" finished-at="2024-05-09T12:05:41 IST" duration-ms="72">
      <class name="Testcase.Annotations">
        <test-method is-config="true" signature="beforeSuite()[pri:0, instance:Testcase.Annotations@20140db9]" started-at="2024-05-09T12:05:41 IST" name="beforeSuite" finished-at="2024-05-09T12:05:41 IST" duration-ms="11" status="PASS">
          <reporter-output>
          </reporter-output>
        </test-method> <!-- beforeSuite -->
        <test-method is-config="true" signature="beforeTest()[pri:0, instance:Testcase.Annotations@20140db9]" started-at="2024-05-09T12:05:41 IST" name="beforeTest" finished-at="2024-05-09T12:05:41 IST" duration-ms="1" status="PASS">
          <reporter-output>
          </reporter-output>
        </test-method> <!-- beforeTest -->
        <test-method is-config="true" signature="beforeClass()[pri:0, instance:Testcase.Annotations@20140db9]" started-at="2024-05-09T12:05:41 IST" name="beforeClass" finished-at="2024-05-09T12:05:41 IST" duration-ms="1" status="PASS">
          <reporter-output>
          </reporter-output>
        </test-method> <!-- beforeClass -->
        <test-method is-config="true" signature="beforeMethod()[pri:0, instance:Testcase.Annotations@20140db9]" started-at="2024-05-09T12:05:41 IST" name="beforeMethod" finished-at="2024-05-09T12:05:41 IST" duration-ms="0" status="PASS">
          <reporter-output>
          </reporter-output>
        </test-method> <!-- beforeMethod -->
        <test-method signature="first_Method()[pri:0, instance:Testcase.Annotations@20140db9]" started-at="2024-05-09T12:05:41 IST" name="first_Method" finished-at="2024-05-09T12:05:41 IST" duration-ms="7" status="PASS">
          <reporter-output>
          </reporter-output>
        </test-method> <!-- first_Method -->
        <test-method is-config="true" signature="afterMethod()[pri:0, instance:Testcase.Annotations@20140db9]" started-at="2024-05-09T12:05:41 IST" name="afterMethod" finished-at="2024-05-09T12:05:41 IST" duration-ms="1" status="PASS">
          <reporter-output>
          </reporter-output>
        </test-method> <!-- afterMethod -->
        <test-method signature="second_Method()[pri:0, instance:Testcase.Annotations@20140db9]" started-at="2024-05-09T12:05:41 IST" name="second_Method" finished-at="2024-05-09T12:05:41 IST" duration-ms="2" status="PASS">
          <reporter-output>
          </reporter-output>
        </test-method> <!-- second_Method -->
        <test-method is-config="true" signature="beforeMethod()[pri:0, instance:Testcase.Annotations@20140db9]" started-at="2024-05-09T12:05:41 IST" name="beforeMethod" finished-at="2024-05-09T12:05:41 IST" duration-ms="0" status="PASS">
          <reporter-output>
          </reporter-output>
        </test-method> <!-- beforeMethod -->
        <test-method is-config="true" signature="afterMethod()[pri:0, instance:Testcase.Annotations@20140db9]" started-at="2024-05-09T12:05:41 IST" name="afterMethod" finished-at="2024-05-09T12:05:41 IST" duration-ms="1" status="PASS">
          <reporter-output>
          </reporter-output>
        </test-method> <!-- afterMethod -->
        <test-method is-config="true" signature="beforeMethod()[pri:0, instance:Testcase.Annotations@20140db9]" started-at="2024-05-09T12:05:41 IST" name="beforeMethod" finished-at="2024-05-09T12:05:41 IST" duration-ms="1" status="PASS">
          <reporter-output>
          </reporter-output>
        </test-method> <!-- beforeMethod -->
        <test-method signature="third_Method()[pri:0, instance:Testcase.Annotations@20140db9]" started-at="2024-05-09T12:05:41 IST" name="third_Method" finished-at="2024-05-09T12:05:41 IST" duration-ms="2" status="PASS">
          <reporter-output>
          </reporter-output>
        </test-method> <!-- third_Method -->
        <test-method is-config="true" signature="afterMethod()[pri:0, instance:Testcase.Annotations@20140db9]" started-at="2024-05-09T12:05:41 IST" name="afterMethod" finished-at="2024-05-09T12:05:41 IST" duration-ms="0" status="PASS">
          <reporter-output>
          </reporter-output>
        </test-method> <!-- afterMethod -->
        <test-method is-config="true" signature="afterClass()[pri:0, instance:Testcase.Annotations@20140db9]" started-at="2024-05-09T12:05:41 IST" name="afterClass" finished-at="2024-05-09T12:05:41 IST" duration-ms="1" status="PASS">
          <reporter-output>
          </reporter-output>
        </test-method> <!-- afterClass -->
        <test-method is-config="true" signature="afterTest()[pri:0, instance:Testcase.Annotations@20140db9]" started-at="2024-05-09T12:05:41 IST" name="afterTest" finished-at="2024-05-09T12:05:41 IST" duration-ms="1" status="PASS">
          <reporter-output>
          </reporter-output>
        </test-method> <!-- afterTest -->
        <test-method is-config="true" signature="afterSuite()[pri:0, instance:Testcase.Annotations@20140db9]" started-at="2024-05-09T12:05:41 IST" name="afterSuite" finished-at="2024-05-09T12:05:41 IST" duration-ms="0" status="PASS">
          <reporter-output>
          </reporter-output>
        </test-method> <!-- afterSuite -->
      </class> <!-- Testcase.Annotations -->
    </test> <!-- Default test -->
  </suite> <!-- Default suite -->
</testng-results>
