<?xml version="1.0" encoding="UTF-8"?>
<!-- Generated by org.testng.reporters.JUnitXMLReporter -->
<testsuite ignored="0" hostname="K510LTRV" failures="0" tests="3" name="Default test" time="0.072" errors="0" timestamp="2024-05-09T12:05:41 IST">
  <testcase classname="Testcase.Annotations" name="first_Method" time="0.007"/>
  <testcase classname="Testcase.Annotations" name="second_Method" time="0.002"/>
  <testcase classname="Testcase.Annotations" name="third_Method" time="0.002"/>
</testsuite> <!-- Default test -->
