<?xml version="1.0" encoding="UTF-8"?>
<!-- Generated by org.testng.reporters.JUnitXMLReporter -->
<testsuite ignored="0" hostname="K510LTRV" failures="1" tests="5" name="Test" time="1.371" errors="0" timestamp="2024-06-07T00:32:10 IST">
  <testcase classname="testcases.VerifyAddNewUser" name="@BeforeTest setup" time="0.05">
    <failure type="java.lang.NullPointerException" message="Cannot invoke &amp;quot;org.openqa.selenium.WebDriver.manage()&amp;quot; because &amp;quot;this.driver&amp;quot; is null">
      <![CDATA[java.lang.NullPointerException: Cannot invoke "org.openqa.selenium.WebDriver.manage()" because "this.driver" is null
at testcases.VerifyAddNewUser.setup(VerifyAddNewUser.java:42)
... Removed 24 stack frames]]>
    </failure>
  </testcase> <!-- @BeforeTest setup -->
  <testcase classname="testcases.VerifyLogin" name="@BeforeClass setup" time="0.0">
    <skipped/>
  </testcase> <!-- @BeforeClass setup -->
  <testcase classname="testcases.VerifyAddNewUser" name="@AfterTest after" time="0.0">
    <skipped/>
  </testcase> <!-- @AfterTest after -->
  <testcase classname="testcases.VerifyLogin" name="verifyNull" time="0.0">
    <skipped/>
  </testcase> <!-- verifyNull -->
  <testcase classname="testcases.VerifyLogin" name="verifyInValidLogin" time="0.0">
    <failure type="java.lang.RuntimeException" message="java.lang.NullPointerException: Cannot invoke &amp;quot;org.apache.poi.xssf.usermodel.XSSFSheet.getPhysicalNumberOfRows()&amp;quot; because &amp;quot;sheet&amp;quot; is null">
      <![CDATA[java.lang.RuntimeException: java.lang.NullPointerException: Cannot invoke "org.apache.poi.xssf.usermodel.XSSFSheet.getPhysicalNumberOfRows()" because "sheet" is null
at java.base/java.util.ArrayList.forEach(ArrayList.java:1511)
Caused by: java.lang.NullPointerException: Cannot invoke "org.apache.poi.xssf.usermodel.XSSFSheet.getPhysicalNumberOfRows()" because "sheet" is null
at utils.ExcelReader.locate(ExcelReader.java:20)
at testcases.VerifyLogin.invalid(VerifyLogin.java:79)
... 25 more
... Removed 32 stack frames]]>
    </failure>
  </testcase> <!-- verifyInValidLogin -->
  <testcase classname="testcases.VerifyLogin" name="verifyValidLogin" time="0.0">
    <skipped/>
  </testcase> <!-- verifyValidLogin -->
  <testcase classname="testcases.VerifyAddNewUser" name="verifyNull" time="0.0">
    <skipped/>
  </testcase> <!-- verifyNull -->
  <testcase classname="testcases.VerifyAddNewUser" name="verifyAddUser" time="0.001">
    <skipped/>
  </testcase> <!-- verifyAddUser -->
</testsuite> <!-- Test -->
